<?xml version="1.0" encoding="UTF-8"?>
<coverage generated="1726072518055" clover="3.2.0">
  <project timestamp="1726072518055" name="All files">
    <metrics statements="7" coveredstatements="2" conditionals="0" coveredconditionals="0" methods="1" coveredmethods="0" elements="8" coveredelements="2" complexity="0" loc="7" ncloc="7" packages="1" files="1" classes="1"/>
    <file name="api.js" path="/Users/dodifloni/moviechallengue/DEV015-movie-challenge/src/api.js">
      <metrics statements="7" coveredstatements="2" conditionals="0" coveredconditionals="0" methods="1" coveredmethods="0"/>
      <line num="1" count="1" type="stmt"/>
      <line num="2" count="1" type="stmt"/>
      <line num="11" count="0" type="stmt"/>
      <line num="12" count="0" type="stmt"/>
      <line num="13" count="0" type="stmt"/>
      <line num="14" count="0" type="stmt"/>
      <line num="16" count="0" type="stmt"/>
    </file>
  </project>
</coverage>
