{"/Users/dodifloni/moviechallengue/DEV015-movie-challenge/src/api.js": {"path":"/Users/dodifloni/moviechallengue/DEV015-movie-challenge/src/api.js","statementMap":{"0":{"start":{"line":1,"column":12},"end":{"line":1,"column":143}},"1":{"start":{"line":2,"column":16},"end":{"line":8,"column":1}},"2":{"start":{"line":11,"column":4},"end":{"line":17,"column":5}},"3":{"start":{"line":12,"column":25},"end":{"line":12,"column":50}},"4":{"start":{"line":13,"column":21},"end":{"line":13,"column":42}},"5":{"start":{"line":14,"column":8},"end":{"line":14,"column":28}},"6":{"start":{"line":16,"column":8},"end":{"line":16,"column":38}}},"fnMap":{"0":{"name":"fetchdata","decl":{"start":{"line":10,"column":22},"end":{"line":10,"column":31}},"loc":{"start":{"line":10,"column":34},"end":{"line":18,"column":1}},"line":10}},"branchMap":{},"s":{"0":1,"1":1,"2":0,"3":0,"4":0,"5":0,"6":0},"f":{"0":0},"b":{},"_coverageSchema":"1a1c01bbd47fc00a2c39e90264f33305004495a9","hash":"24e86b83a85f3f3f64fba438b02026cc6e1dd335"}
}
