{"/Users/dodifloni/moviechallengue/DEV015-movie-challenge/src/api/api.js": {"path":"/Users/dodifloni/moviechallengue/DEV015-movie-challenge/src/api/api.js","statementMap":{"0":{"start":{"line":1,"column":12},"end":{"line":1,"column":143}},"1":{"start":{"line":3,"column":16},"end":{"line":9,"column":1}},"2":{"start":{"line":13,"column":4},"end":{"line":19,"column":5}},"3":{"start":{"line":14,"column":25},"end":{"line":14,"column":50}},"4":{"start":{"line":15,"column":21},"end":{"line":15,"column":42}},"5":{"start":{"line":16,"column":8},"end":{"line":16,"column":28}},"6":{"start":{"line":18,"column":8},"end":{"line":18,"column":38}}},"fnMap":{"0":{"name":"fetchData","decl":{"start":{"line":12,"column":22},"end":{"line":12,"column":31}},"loc":{"start":{"line":12,"column":34},"end":{"line":20,"column":1}},"line":12}},"branchMap":{},"s":{"0":1,"1":1,"2":2,"3":2,"4":1,"5":1,"6":1},"f":{"0":2},"b":{},"_coverageSchema":"1a1c01bbd47fc00a2c39e90264f33305004495a9","hash":"ca819ca3e669c1fd7dcdd8ff55511cff58ee540a"}
,"/Users/dodifloni/moviechallengue/DEV015-movie-challenge/src/components/app.js": {"path":"/Users/dodifloni/moviechallengue/DEV015-movie-challenge/src/components/app.js","statementMap":{"0":{"start":{"line":2,"column":22},"end":{"line":2,"column":58}},"1":{"start":{"line":3,"column":4},"end":{"line":3,"column":29}},"2":{"start":{"line":5,"column":4},"end":{"line":17,"column":7}},"3":{"start":{"line":6,"column":19},"end":{"line":6,"column":47}},"4":{"start":{"line":7,"column":8},"end":{"line":7,"column":39}},"5":{"start":{"line":9,"column":8},"end":{"line":13,"column":10}},"6":{"start":{"line":15,"column":8},"end":{"line":15,"column":61}},"7":{"start":{"line":15,"column":43},"end":{"line":15,"column":59}},"8":{"start":{"line":16,"column":8},"end":{"line":16,"column":34}},"9":{"start":{"line":22,"column":18},"end":{"line":22,"column":50}},"10":{"start":{"line":23,"column":25},"end":{"line":23,"column":65}},"11":{"start":{"line":25,"column":4},"end":{"line":31,"column":6}},"12":{"start":{"line":33,"column":4},"end":{"line":33,"column":34}},"13":{"start":{"line":35,"column":4},"end":{"line":37,"column":7}},"14":{"start":{"line":36,"column":8},"end":{"line":36,"column":37}}},"fnMap":{"0":{"name":"renderMovies","decl":{"start":{"line":1,"column":16},"end":{"line":1,"column":28}},"loc":{"start":{"line":1,"column":37},"end":{"line":18,"column":1}},"line":1},"1":{"name":"(anonymous_1)","decl":{"start":{"line":5,"column":19},"end":{"line":5,"column":20}},"loc":{"start":{"line":5,"column":28},"end":{"line":17,"column":5}},"line":5},"2":{"name":"(anonymous_2)","decl":{"start":{"line":15,"column":37},"end":{"line":15,"column":38}},"loc":{"start":{"line":15,"column":43},"end":{"line":15,"column":59}},"line":15},"3":{"name":"openModal","decl":{"start":{"line":21,"column":16},"end":{"line":21,"column":25}},"loc":{"start":{"line":21,"column":33},"end":{"line":38,"column":1}},"line":21},"4":{"name":"(anonymous_4)","decl":{"start":{"line":35,"column":69},"end":{"line":35,"column":70}},"loc":{"start":{"line":35,"column":75},"end":{"line":37,"column":5}},"line":35}},"branchMap":{},"s":{"0":0,"1":0,"2":0,"3":0,"4":0,"5":0,"6":0,"7":0,"8":0,"9":0,"10":0,"11":0,"12":0,"13":0,"14":0},"f":{"0":0,"1":0,"2":0,"3":0,"4":0},"b":{},"_coverageSchema":"1a1c01bbd47fc00a2c39e90264f33305004495a9","hash":"bc22569afef28ccc5124743db37284c97c75c12e"}
}
