TN:
SF:src/api/api.js
FN:12,fetchData
FNF:1
FNH:1
FNDA:2,fetchData
DA:1,1
DA:3,1
DA:13,2
DA:14,2
DA:15,1
DA:16,1
DA:18,1
LF:7
LH:7
BRF:0
BRH:0
end_of_record
TN:
SF:src/components/app.js
FN:1,renderMovies
FN:5,(anonymous_1)
FN:15,(anonymous_2)
FN:21,openModal
FN:35,(anonymous_4)
FNF:5
FNH:0
FNDA:0,renderMovies
FNDA:0,(anonymous_1)
FNDA:0,(anonymous_2)
FNDA:0,openModal
FNDA:0,(anonymous_4)
DA:2,0
DA:3,0
DA:5,0
DA:6,0
DA:7,0
DA:9,0
DA:15,0
DA:16,0
DA:22,0
DA:23,0
DA:25,0
DA:33,0
DA:35,0
DA:36,0
LF:14
LH:0
BRF:0
BRH:0
end_of_record
